#log# Automatic Logger file. *** THIS MUST BE THE FIRST LINE ***
#log# DO NOT CHANGE THIS LINE OR THE TWO BELOW -* coding: UTF-8 *-
#log# opts = Struct({'__allownew': True,
 'autocall': 2,
 'banner': 0,
 'colors': 'LightBG',
 'ipythondir': '/home/altsai/.casa/ipython',
 'logfile': 'ipython-20170829-062423.log',
 'messages': 0,
 'prompt_in1': 'CASA <\\#>: '})
#log# args = []
#log# It is safe to make manual edits below here.
#log#-----------------------------------------------------------------------
execfile("/home/altsai/bin/CASApy/casa-release-4.7.0-1-el7/lib/python2.7/assignmentFilter.py")
moment()
immoment()
inp(immoment)
tasklist()
inp(immoments)
tasklist()
importfits()
inp(importfits)
fitsimage='co21map.fits'
inp()
imagename=aro_smt_co21map
imagename='aro_smt_co21map'
inp()
go()
inp(immoments)
moments=[0,1]
go()
imview()
inp(exportfits)
fitsimage='co21mom0.fits'
imagename='aro_smt_co21map.integrated'
inp()
go()
imagename='aro_smt_co21map.weighted_coord'
inp()
fitsimage='co21mom1.fits'
inp()
go()
exit()
